♣ 6JKJ736AK4;♣ 367QJJJAKJ;♠ 3AK22QQ765;♣ 23QJAAQA54;♦ A56K26432K;♣ 6J374Q7Q3Q;♠ 7KAJ425JK3;♠ K6J6333Q55;♥ AQ47KAA7Q5;♦ K423Q5K267;
Após ordenar o 10° dígito dos valores:
♣ 6JKJ736AK4;♣ 23QJAAQA54;♠ 3AK22QQ765;♠ K6J6333Q55;♥ AQ47KAA7Q5;♦ K423Q5K267;♣ 6J374Q7Q3Q;♣ 367QJJJAKJ;♦ A56K26432K;♠ 7KAJ425JK3;
Após ordenar o 9° dígito dos valores:
♣ 23QJAAQA54;♠ K6J6333Q55;♠ 3AK22QQ765;♦ K423Q5K267;♥ AQ47KAA7Q5;♣ 6JKJ736AK4;♣ 367QJJJAKJ;♠ 7KAJ425JK3;♦ A56K26432K;♣ 6J374Q7Q3Q;
Após ordenar o 8° dígito dos valores:
♠ 3AK22QQ765;♥ AQ47KAA7Q5;♠ K6J6333Q55;♣ 6J374Q7Q3Q;♠ 7KAJ425JK3;♣ 23QJAAQA54;♣ 6JKJ736AK4;♣ 367QJJJAKJ;♦ K423Q5K267;♦ A56K26432K;
Após ordenar o 7° dígito dos valores:
♦ A56K26432K;♠ 7KAJ425JK3;♣ 6JKJ736AK4;♣ 6J374Q7Q3Q;♠ 3AK22QQ765;♣ 23QJAAQA54;♣ 367QJJJAKJ;♦ K423Q5K267;♥ AQ47KAA7Q5;♠ K6J6333Q55;
Após ordenar o 6° dígito dos valores:
♦ K423Q5K267;♦ A56K26432K;♣ 6J374Q7Q3Q;♠ 3AK22QQ765;♣ 367QJJJAKJ;♣ 23QJAAQA54;♥ AQ47KAA7Q5;♠ 7KAJ425JK3;♣ 6JKJ736AK4;♠ K6J6333Q55;
Após ordenar o 5° dígito dos valores:
♣ 6J374Q7Q3Q;♠ 7KAJ425JK3;♣ 6JKJ736AK4;♦ K423Q5K267;♣ 367QJJJAKJ;♥ AQ47KAA7Q5;♣ 23QJAAQA54;♦ A56K26432K;♠ 3AK22QQ765;♠ K6J6333Q55;
Após ordenar o 4° dígito dos valores:
♠ K6J6333Q55;♣ 6J374Q7Q3Q;♥ AQ47KAA7Q5;♣ 367QJJJAKJ;♠ 7KAJ425JK3;♣ 6JKJ736AK4;♣ 23QJAAQA54;♦ A56K26432K;♠ 3AK22QQ765;♦ K423Q5K267;
Após ordenar o 3° dígito dos valores:
♥ AQ47KAA7Q5;♦ A56K26432K;♣ 367QJJJAKJ;♣ 23QJAAQA54;♠ K6J6333Q55;♣ 6JKJ736AK4;♠ 3AK22QQ765;♠ 7KAJ425JK3;♦ K423Q5K267;♣ 6J374Q7Q3Q;
Após ordenar o 2° dígito dos valores:
♦ K423Q5K267;♦ A56K26432K;♣ 367QJJJAKJ;♠ K6J6333Q55;♥ AQ47KAA7Q5;♣ 6JKJ736AK4;♣ 6J374Q7Q3Q;♠ 7KAJ425JK3;♠ 3AK22QQ765;♣ 23QJAAQA54;
Após ordenar o 1° dígito dos valores:
♣ 6JKJ736AK4;♣ 6J374Q7Q3Q;♠ 7KAJ425JK3;♦ K423Q5K267;♠ K6J6333Q55;♦ A56K26432K;♥ AQ47KAA7Q5;♣ 23QJAAQA54;♣ 367QJJJAKJ;♠ 3AK22QQ765;
Após ordenar por naipe:
♦ K423Q5K267;♦ A56K26432K;♠ 7KAJ425JK3;♠ K6J6333Q55;♠ 3AK22QQ765;♥ AQ47KAA7Q5;♣ 6JKJ736AK4;♣ 6J374Q7Q3Q;♣ 23QJAAQA54;♣ 367QJJJAKJ;
